<?xml version="1.0" encoding="UTF-8"?>
<!-- Generated by org.testng.reporters.JUnitReportReporter -->
<testsuite hostname="RajKumar" failures="0" tests="2" name="com.mystore.testcases.AddToCartPageTest" time="56.088" errors="0" timestamp="2021-02-09T14:01:58 IST" skipped="0">
  <testcase classname="com.mystore.testcases.AddToCartPageTest" name="addToCartTest" time="28.701"/>
  <testcase classname="com.mystore.testcases.AddToCartPageTest" name="addToCartTest" time="27.387"/>
</testsuite> <!-- com.mystore.testcases.AddToCartPageTest -->
