<?xml version="1.0" encoding="UTF-8"?>
<!-- Generated by org.testng.reporters.JUnitReportReporter -->
<testsuite hostname="RajKumar" failures="0" tests="4" name="com.mystore.testcases.IndexPageTest" time="43.436" errors="0" timestamp="2020-11-26T19:01:54 IST" skipped="0">
  <testcase classname="com.mystore.testcases.IndexPageTest" name="myStoreLogoTest" time="10.915"/>
  <testcase classname="com.mystore.testcases.IndexPageTest" name="myStoreLogoTest" time="10.576"/>
  <testcase classname="com.mystore.testcases.IndexPageTest" name="verifyTitle" time="11.103"/>
  <testcase classname="com.mystore.testcases.IndexPageTest" name="verifyTitle" time="10.842"/>
</testsuite> <!-- com.mystore.testcases.IndexPageTest -->
