<?xml version="1.0" encoding="UTF-8"?>
<!-- Generated by org.testng.reporters.JUnitReportReporter -->
<testsuite hostname="RajKumar" failures="0" tests="4" name="com.mystore.testcases.HomePageTest" time="103.570" errors="0" timestamp="2021-02-09T14:01:58 IST" skipped="0">
  <testcase classname="com.mystore.testcases.HomePageTest" name="orderHistroryAndDetailsTest" time="27.424"/>
  <testcase classname="com.mystore.testcases.HomePageTest" name="orderHistroryAndDetailsTest" time="25.806"/>
  <testcase classname="com.mystore.testcases.HomePageTest" name="wishListTest" time="25.401"/>
  <testcase classname="com.mystore.testcases.HomePageTest" name="wishListTest" time="24.939"/>
</testsuite> <!-- com.mystore.testcases.HomePageTest -->
