<?xml version="1.0" encoding="UTF-8"?>
<!-- Generated by org.testng.reporters.JUnitReportReporter -->
<testsuite hostname="RajKumar" failures="0" tests="2" name="com.mystore.testcases.SearchResultPageTest" time="30.463" errors="0" timestamp="2020-11-26T19:01:54 IST" skipped="0">
  <testcase classname="com.mystore.testcases.SearchResultPageTest" name="productAvailabilityTest" time="14.294"/>
  <testcase classname="com.mystore.testcases.SearchResultPageTest" name="productAvailabilityTest" time="16.169"/>
</testsuite> <!-- com.mystore.testcases.SearchResultPageTest -->
