<?xml version="1.0" encoding="UTF-8"?>
<!-- Generated by org.testng.reporters.JUnitReportReporter -->
<testsuite hostname="RajKumar" failures="0" tests="4" name="com.mystore.testcases.HomePageTest" time="70.946" errors="0" timestamp="2020-11-26T19:01:54 IST" skipped="0">
  <testcase classname="com.mystore.testcases.HomePageTest" name="orderHistroryAndDetailsTest" time="18.383"/>
  <testcase classname="com.mystore.testcases.HomePageTest" name="orderHistroryAndDetailsTest" time="17.959"/>
  <testcase classname="com.mystore.testcases.HomePageTest" name="wishListTest" time="17.965"/>
  <testcase classname="com.mystore.testcases.HomePageTest" name="wishListTest" time="16.639"/>
</testsuite> <!-- com.mystore.testcases.HomePageTest -->
