<?xml version="1.0" encoding="UTF-8"?>
<!-- Generated by org.testng.reporters.JUnitReportReporter -->
<testsuite hostname="RajKumar" failures="0" tests="2" name="com.mystore.testcases.LoginPageTest" time="45.038" errors="0" timestamp="2021-02-09T14:01:58 IST" skipped="0">
  <testcase classname="com.mystore.testcases.LoginPageTest" name="loginTest" time="20.290"/>
  <testcase classname="com.mystore.testcases.LoginPageTest" name="loginTest" time="24.748"/>
</testsuite> <!-- com.mystore.testcases.LoginPageTest -->
