<?xml version="1.0" encoding="UTF-8"?>
<!-- Generated by org.testng.reporters.JUnitReportReporter -->
<testsuite hostname="RajKumar" failures="0" tests="1" name="com.mystore.base.BaseClass" time="12.164" errors="0" timestamp="2020-11-25T10:52:16 IST" skipped="0">
  <testcase classname="com.mystore.base.BaseClass" name="openBrowser" time="12.164"/>
</testsuite> <!-- com.mystore.base.BaseClass -->
