<?xml version="1.0" encoding="UTF-8"?>
<!-- Generated by org.testng.reporters.JUnitReportReporter -->
<testsuite hostname="RajKumar" failures="0" tests="1" name="com.mystore.testcases.LoginPageTest" time="16.657" errors="0" timestamp="2020-11-27T14:39:28 IST" skipped="0">
  <testcase classname="com.mystore.testcases.LoginPageTest" name="loginTest" time="16.657"/>
</testsuite> <!-- com.mystore.testcases.LoginPageTest -->
