<?xml version="1.0" encoding="UTF-8"?>
<!-- Generated by org.testng.reporters.JUnitReportReporter -->
<testsuite hostname="RajKumar" failures="0" tests="4" name="com.mystore.testcases.IndexPageTest" time="71.234" errors="0" timestamp="2021-02-09T14:01:58 IST" skipped="0">
  <testcase classname="com.mystore.testcases.IndexPageTest" name="myStoreLogoTest" time="19.727"/>
  <testcase classname="com.mystore.testcases.IndexPageTest" name="myStoreLogoTest" time="17.154"/>
  <testcase classname="com.mystore.testcases.IndexPageTest" name="verifyTitle" time="13.996"/>
  <testcase classname="com.mystore.testcases.IndexPageTest" name="verifyTitle" time="20.357"/>
</testsuite> <!-- com.mystore.testcases.IndexPageTest -->
