<?xml version="1.0" encoding="UTF-8"?>
<!-- Generated by org.testng.reporters.JUnitReportReporter -->
<testsuite hostname="RajKumar" failures="0" tests="3" name="com.mystore.testcases.AccountPageCreationTest" time="76.732" errors="0" timestamp="2021-04-19T14:18:21 IST" skipped="0">
  <testcase classname="com.mystore.testcases.AccountPageCreationTest" name="createAccountPageTest" time="24.730"/>
  <system-out/>
  <testcase classname="com.mystore.testcases.AccountPageCreationTest" name="createAccountPageTest" time="25.578"/>
  <system-out/>
  <testcase classname="com.mystore.testcases.AccountPageCreationTest" name="createAccountPageTest" time="26.424"/>
  <system-out/>
</testsuite> <!-- com.mystore.testcases.AccountPageCreationTest -->
