<?xml version="1.0" encoding="UTF-8"?>
<!-- Generated by org.testng.reporters.JUnitReportReporter -->
<testsuite hostname="RajKumar" failures="0" tests="2" name="com.mystore.testcases.IndexPageTest" time="24.364" errors="0" timestamp="2021-04-19T14:18:21 IST" skipped="0">
  <testcase classname="com.mystore.testcases.IndexPageTest" name="myStoreLogoTest" time="10.685"/>
  <system-out/>
  <testcase classname="com.mystore.testcases.IndexPageTest" name="verifyTitle" time="13.679"/>
  <system-out/>
</testsuite> <!-- com.mystore.testcases.IndexPageTest -->
