<?xml version="1.0" encoding="UTF-8"?>
<!-- Generated by org.testng.reporters.JUnitReportReporter -->
<testsuite hostname="RajKumar" failures="0" tests="1" name="com.mystore.testcases.SearchResultPageTest" time="16.719" errors="0" timestamp="2021-04-19T14:18:21 IST" skipped="0">
  <testcase classname="com.mystore.testcases.SearchResultPageTest" name="productAvailabilityTest" time="16.719"/>
  <system-out/>
</testsuite> <!-- com.mystore.testcases.SearchResultPageTest -->
