<?xml version="1.0" encoding="UTF-8"?>
<!-- Generated by org.testng.reporters.JUnitReportReporter -->
<testsuite hostname="RajKumar" failures="0" tests="2" name="com.mystore.testcases.HomePageTest" time="36.120" errors="0" timestamp="2021-04-19T14:18:21 IST" skipped="0">
  <testcase classname="com.mystore.testcases.HomePageTest" name="orderHistroryAndDetailsTest" time="18.079"/>
  <system-out/>
  <testcase classname="com.mystore.testcases.HomePageTest" name="wishListTest" time="18.041"/>
  <system-out/>
</testsuite> <!-- com.mystore.testcases.HomePageTest -->
