<?xml version="1.0" encoding="UTF-8"?>
<!-- Generated by org.testng.reporters.JUnitReportReporter -->
<testsuite hostname="RajKumar" failures="0" tests="1" name="com.mystore.testcases.LoginPageTest" time="15.981" errors="0" timestamp="2020-11-27T15:07:32 IST" skipped="0">
  <testcase classname="com.mystore.testcases.LoginPageTest" name="loginTest" time="15.981"/>
  <system-out/>
</testsuite> <!-- com.mystore.testcases.LoginPageTest -->
